# JRE version: OpenJDK Runtime Environment (8.0_292-b10) (build 1.8.0_292-8u292-b10-0ubuntu1~18.04-b10)
# Java VM: OpenJDK 64-Bit Server VM (25.292-b10 mixed mode linux-amd64 compressed oops)
Heap:
 PSYoungGen      total 251392K, used 169188K [0x00000000eba00000, 0x00000000ff600000, 0x0000000100000000)
  eden space 190464K, 78% used [0x00000000eba00000,0x00000000f4b332a8,0x00000000f7400000)
  from space 60928K, 33% used [0x00000000fba80000,0x00000000fce85f70,0x00000000ff600000)
  to   space 66560K, 0% used [0x00000000f7400000,0x00000000f7400000,0x00000000fb500000)
 ParOldGen       total 152064K, used 97700K [0x00000000c2e00000, 0x00000000cc280000, 0x00000000eba00000)
  object space 152064K, 64% used [0x00000000c2e00000,0x00000000c8d69068,0x00000000cc280000)
 Metaspace       used 26869K, capacity 27484K, committed 27776K, reserved 1073152K
  class space    used 3283K, capacity 3440K, committed 3456K, reserved 1048576K
GC Heap History (10 events):
Event: 246,485 GC heap before
{Heap before GC invocations=17 (full 3):
 PSYoungGen      total 251392K, used 251120K [0x00000000eba00000, 0x0000000100000000, 0x0000000100000000)
  eden space 196608K, 100% used [0x00000000eba00000,0x00000000f7a00000,0x00000000f7a00000)
  from space 54784K, 99% used [0x00000000f7a00000,0x00000000faf3c328,0x00000000faf80000)
  to   space 75264K, 0% used [0x00000000fb680000,0x00000000fb680000,0x0000000100000000)
 ParOldGen       total 152064K, used 89579K [0x00000000c2e00000, 0x00000000cc280000, 0x00000000eba00000)
  object space 152064K, 58% used [0x00000000c2e00000,0x00000000c857af28,0x00000000cc280000)
 Metaspace       used 26272K, capacity 26838K, committed 27008K, reserved 1073152K
  class space    used 3214K, capacity 3375K, committed 3456K, reserved 1048576K
Event: 246,524 GC heap after
Heap after GC invocations=17 (full 3):
 PSYoungGen      total 251392K, used 49491K [0x00000000eba00000, 0x0000000100000000, 0x0000000100000000)
  eden space 176128K, 0% used [0x00000000eba00000,0x00000000eba00000,0x00000000f6600000)
  from space 75264K, 65% used [0x00000000fb680000,0x00000000fe6d4e00,0x0000000100000000)
  to   space 78848K, 0% used [0x00000000f6600000,0x00000000f6600000,0x00000000fb300000)
 ParOldGen       total 152064K, used 93955K [0x00000000c2e00000, 0x00000000cc280000, 0x00000000eba00000)
  object space 152064K, 61% used [0x00000000c2e00000,0x00000000c89c0f48,0x00000000cc280000)
 Metaspace       used 26272K, capacity 26838K, committed 27008K, reserved 1073152K
  class space    used 3214K, capacity 3375K, committed 3456K, reserved 1048576K
}
Event: 247,126 GC heap before
{Heap before GC invocations=18 (full 3):
 PSYoungGen      total 251392K, used 225619K [0x00000000eba00000, 0x0000000100000000, 0x0000000100000000)
  eden space 176128K, 100% used [0x00000000eba00000,0x00000000f6600000,0x00000000f6600000)
  from space 75264K, 65% used [0x00000000fb680000,0x00000000fe6d4e00,0x0000000100000000)
  to   space 78848K, 0% used [0x00000000f6600000,0x00000000f6600000,0x00000000fb300000)
 ParOldGen       total 152064K, used 93955K [0x00000000c2e00000, 0x00000000cc280000, 0x00000000eba00000)
  object space 152064K, 61% used [0x00000000c2e00000,0x00000000c89c0f48,0x00000000cc280000)
 Metaspace       used 26862K, capacity 27420K, committed 27520K, reserved 1073152K
  class space    used 3283K, capacity 3440K, committed 3456K, reserved 1048576K
Event: 247,139 GC heap after
Heap after GC invocations=18 (full 3):
 PSYoungGen      total 254976K, used 12985K [0x00000000eba00000, 0x00000000fff80000, 0x0000000100000000)
  eden space 176128K, 0% used [0x00000000eba00000,0x00000000eba00000,0x00000000f6600000)
  from space 78848K, 16% used [0x00000000f6600000,0x00000000f72ae558,0x00000000fb300000)
  to   space 76800K, 0% used [0x00000000fb480000,0x00000000fb480000,0x00000000fff80000)
 ParOldGen       total 152064K, used 97019K [0x00000000c2e00000, 0x00000000cc280000, 0x00000000eba00000)
  object space 152064K, 63% used [0x00000000c2e00000,0x00000000c8cbef48,0x00000000cc280000)
 Metaspace       used 26862K, capacity 27420K, committed 27520K, reserved 1073152K
  class space    used 3283K, capacity 3440K, committed 3456K, reserved 1048576K
}
Event: 247,672 GC heap before
{Heap before GC invocations=19 (full 3):
 PSYoungGen      total 254976K, used 189113K [0x00000000eba00000, 0x00000000fff80000, 0x0000000100000000)
  eden space 176128K, 100% used [0x00000000eba00000,0x00000000f6600000,0x00000000f6600000)
  from space 78848K, 16% used [0x00000000f6600000,0x00000000f72ae558,0x00000000fb300000)
  to   space 76800K, 0% used [0x00000000fb480000,0x00000000fb480000,0x00000000fff80000)
 ParOldGen       total 152064K, used 97019K [0x00000000c2e00000, 0x00000000cc280000, 0x00000000eba00000)
  object space 152064K, 63% used [0x00000000c2e00000,0x00000000c8cbef48,0x00000000cc280000)
 Metaspace       used 26865K, capacity 27420K, committed 27520K, reserved 1073152K
  class space    used 3283K, capacity 3440K, committed 3456K, reserved 1048576K
Event: 247,693 GC heap after
Heap after GC invocations=19 (full 3):
 PSYoungGen      total 246272K, used 19758K [0x00000000eba00000, 0x00000000ff700000, 0x0000000100000000)
  eden space 178176K, 0% used [0x00000000eba00000,0x00000000eba00000,0x00000000f6800000)
  from space 68096K, 29% used [0x00000000fb480000,0x00000000fc7cb8e0,0x00000000ff700000)
  to   space 73216K, 0% used [0x00000000f6800000,0x00000000f6800000,0x00000000faf80000)
 ParOldGen       total 152064K, used 97635K [0x00000000c2e00000, 0x00000000cc280000, 0x00000000eba00000)
  object space 152064K, 64% used [0x00000000c2e00000,0x00000000c8d58f58,0x00000000cc280000)
 Metaspace       used 26865K, capacity 27420K, committed 27520K, reserved 1073152K
  class space    used 3283K, capacity 3440K, committed 3456K, reserved 1048576K
}
Event: 248,203 GC heap before
{Heap before GC invocations=20 (full 3):
 PSYoungGen      total 246272K, used 197934K [0x00000000eba00000, 0x00000000ff700000, 0x0000000100000000)
  eden space 178176K, 100% used [0x00000000eba00000,0x00000000f6800000,0x00000000f6800000)
  from space 68096K, 29% used [0x00000000fb480000,0x00000000fc7cb8e0,0x00000000ff700000)
  to   space 73216K, 0% used [0x00000000f6800000,0x00000000f6800000,0x00000000faf80000)
 ParOldGen       total 152064K, used 97635K [0x00000000c2e00000, 0x00000000cc280000, 0x00000000eba00000)
  object space 152064K, 64% used [0x00000000c2e00000,0x00000000c8d58f58,0x00000000cc280000)
 Metaspace       used 26865K, capacity 27420K, committed 27520K, reserved 1073152K
  class space    used 3283K, capacity 3440K, committed 3456K, reserved 1048576K
Event: 248,214 GC heap after
Heap after GC invocations=20 (full 3):
 PSYoungGen      total 251392K, used 19175K [0x00000000eba00000, 0x00000000fff00000, 0x0000000100000000)
  eden space 178176K, 0% used [0x00000000eba00000,0x00000000eba00000,0x00000000f6800000)
  from space 73216K, 26% used [0x00000000f6800000,0x00000000f7ab9cb8,0x00000000faf80000)
  to   space 70144K, 0% used [0x00000000fba80000,0x00000000fba80000,0x00000000fff00000)
 ParOldGen       total 152064K, used 97676K [0x00000000c2e00000, 0x00000000cc280000, 0x00000000eba00000)
  object space 152064K, 64% used [0x00000000c2e00000,0x00000000c8d63068,0x00000000cc280000)
 Metaspace       used 26865K, capacity 27420K, committed 27520K, reserved 1073152K
  class space    used 3283K, capacity 3440K, committed 3456K, reserved 1048576K
}
Event: 249,040 GC heap before
{Heap before GC invocations=21 (full 3):
 PSYoungGen      total 251392K, used 197351K [0x00000000eba00000, 0x00000000fff00000, 0x0000000100000000)
  eden space 178176K, 100% used [0x00000000eba00000,0x00000000f6800000,0x00000000f6800000)
  from space 73216K, 26% used [0x00000000f6800000,0x00000000f7ab9cb8,0x00000000faf80000)
  to   space 70144K, 0% used [0x00000000fba80000,0x00000000fba80000,0x00000000fff00000)
 ParOldGen       total 152064K, used 97676K [0x00000000c2e00000, 0x00000000cc280000, 0x00000000eba00000)
  object space 152064K, 64% used [0x00000000c2e00000,0x00000000c8d63068,0x00000000cc280000)
 Metaspace       used 26865K, capacity 27420K, committed 27520K, reserved 1073152K
  class space    used 3283K, capacity 3440K, committed 3456K, reserved 1048576K
Event: 249,063 GC heap after
Heap after GC invocations=21 (full 3):
 PSYoungGen      total 251392K, used 20503K [0x00000000eba00000, 0x00000000ff600000, 0x0000000100000000)
  eden space 190464K, 0% used [0x00000000eba00000,0x00000000eba00000,0x00000000f7400000)
  from space 60928K, 33% used [0x00000000fba80000,0x00000000fce85f70,0x00000000ff600000)
  to   space 66560K, 0% used [0x00000000f7400000,0x00000000f7400000,0x00000000fb500000)
 ParOldGen       total 152064K, used 97700K [0x00000000c2e00000, 0x00000000cc280000, 0x00000000eba00000)
  object space 152064K, 64% used [0x00000000c2e00000,0x00000000c8d69068,0x00000000cc280000)
 Metaspace       used 26865K, capacity 27420K, committed 27520K, reserved 1073152K
  class space    used 3283K, capacity 3440K, committed 3456K, reserved 1048576K
}

